Tue Sep 05 2023 20:12:40 } [PH] error: 
Invalid `prisma.course.create()` invocation:


Operation 'createOne' for model 'Course' does not match any query.
Tue Sep 05 2023 20:14:30 } [PH] error: 
Invalid `prisma.course.create()` invocation:


Operation 'createOne' for model 'Course' does not match any query.
Tue Sep 05 2023 20:16:21 } [PH] error: 
Invalid `prisma.course.create()` invocation:


Operation 'createOne' for model 'Course' does not match any query.
Tue Sep 05 2023 20:18:14 } [PH] error: 
Invalid `prisma.course.create()` invocation:


Operation 'createOne' for model 'Course' does not match any query.
Tue Sep 05 2023 20:18:35 } [PH] error: 
Invalid `prisma.course.create()` invocation:


Operation 'createOne' for model 'Course' does not match any query.
Tue Sep 05 2023 20:19:40 } [PH] error: 
Invalid `prisma.course.create()` invocation:

{
  data: {
    title: "Computer Fundamental",
    code: "1212",
    creadits: 2,
    ~~~~~~~~
?   id?: String,
?   credits?: Int,
?   createdAt?: DateTime,
?   updatedAt?: DateTime,
?   preRequisite?: CourseToPrerequisiteCreateNestedManyWithoutCourseInput,
?   preRequisiteFor?: CourseToPrerequisiteCreateNestedManyWithoutPreRequisiteInput
  }
}

Unknown argument `creadits`. Did you mean `credits`? Available options are listed in green.
